<?xml version="1.0" encoding="UTF-8"?>
<!-- Generated by org.testng.reporters.JUnitReportReporter -->
<testsuite hostname="DESKTOP-1QASA0A" failures="0" tests="1" name="PDFReaderTest" time="19.720" errors="0" timestamp="2020-04-28T15:45:29 IST" skipped="0">
  <testcase classname="PDFReaderTest" name="readPDFTest" time="19.720"/>
  <system-out/>
</testsuite> <!-- PDFReaderTest -->
